<?xml version="1.0" encoding="UTF-8"?>
<testsuite xmlns:xsi="http://www.w3.org/2001/XMLSchema-instance" xsi:noNamespaceSchemaLocation="https://maven.apache.org/surefire/maven-failsafe-plugin/xsd/failsafe-test-report.xsd" name="io.kx.loanapp.IntegrationTest" time="5.457" tests="1" errors="0" skipped="0" failures="0">
  <properties>
    <property name="java.specification.version" value="17"/>
    <property name="sun.jnu.encoding" value="UTF-8"/>
    <property name="java.class.path" value="/Users/shishir/Documents/lightbend/kalix/spring-loan/target/test-classes:/Users/shishir/Documents/lightbend/kalix/spring-loan/target/classes:/Users/shishir/.m2/repository/org/projectlombok/lombok/1.18.24/lombok-1.18.24.jar:/Users/shishir/.m2/repository/io/kalix/kalix-spring-boot-starter/1.3.3/kalix-spring-boot-starter-1.3.3.jar:/Users/shishir/.m2/repository/org/scala-lang/scala-library/2.13.10/scala-library-2.13.10.jar:/Users/shishir/.m2/repository/io/kalix/kalix-java-sdk-spring/1.3.3/kalix-java-sdk-spring-1.3.3.jar:/Users/shishir/.m2/repository/io/kalix/kalix-java-sdk-protobuf/1.3.3/kalix-java-sdk-protobuf-1.3.3.jar:/Users/shishir/.m2/repository/io/kalix/kalix-jvm-core-sdk/1.3.3/kalix-jvm-core-sdk-1.3.3.jar:/Users/shishir/.m2/repository/io/kalix/kalix-devtools_2.13/1.3.3/kalix-devtools_2.13-1.3.3.jar:/Users/shishir/.m2/repository/io/grpc/grpc-stub/1.48.1/grpc-stub-1.48.1.jar:/Users/shishir/.m2/repository/io/grpc/grpc-api/1.48.1/grpc-api-1.48.1.jar:/Users/shishir/.m2/repository/io/grpc/grpc-context/1.48.1/grpc-context-1.48.1.jar:/Users/shishir/.m2/repository/com/google/protobuf/protobuf-java/3.19.2/protobuf-java-3.19.2.jar:/Users/shishir/.m2/repository/com/thesamet/scalapb/scalapb-runtime_2.13/0.11.11/scalapb-runtime_2.13-0.11.11.jar:/Users/shishir/.m2/repository/com/thesamet/scalapb/lenses_2.13/0.11.11/lenses_2.13-0.11.11.jar:/Users/shishir/.m2/repository/org/scala-lang/modules/scala-collection-compat_2.13/2.7.0/scala-collection-compat_2.13-2.7.0.jar:/Users/shishir/.m2/repository/com/lightbend/akka/grpc/akka-grpc-runtime_2.13/2.1.6/akka-grpc-runtime_2.13-2.1.6.jar:/Users/shishir/.m2/repository/io/grpc/grpc-protobuf/1.48.1/grpc-protobuf-1.48.1.jar:/Users/shishir/.m2/repository/com/google/api/grpc/proto-google-common-protos/2.9.0/proto-google-common-protos-2.9.0.jar:/Users/shishir/.m2/repository/io/grpc/grpc-protobuf-lite/1.48.1/grpc-protobuf-lite-1.48.1.jar:/Users/shishir/.m2/repository/io/grpc/grpc-core/1.48.1/grpc-core-1.48.1.jar:/Users/shishir/.m2/repository/com/google/android/annotations/4.1.1.4/annotations-4.1.1.4.jar:/Users/shishir/.m2/repository/org/codehaus/mojo/animal-sniffer-annotations/1.21/animal-sniffer-annotations-1.21.jar:/Users/shishir/.m2/repository/io/perfmark/perfmark-api/0.25.0/perfmark-api-0.25.0.jar:/Users/shishir/.m2/repository/io/grpc/grpc-netty-shaded/1.48.1/grpc-netty-shaded-1.48.1.jar:/Users/shishir/.m2/repository/com/typesafe/akka/akka-stream_2.13/2.6.20/akka-stream_2.13-2.6.20.jar:/Users/shishir/.m2/repository/com/typesafe/akka/akka-actor_2.13/2.6.20/akka-actor_2.13-2.6.20.jar:/Users/shishir/.m2/repository/com/typesafe/config/1.4.2/config-1.4.2.jar:/Users/shishir/.m2/repository/org/scala-lang/modules/scala-java8-compat_2.13/1.0.0/scala-java8-compat_2.13-1.0.0.jar:/Users/shishir/.m2/repository/com/typesafe/akka/akka-protobuf-v3_2.13/2.6.20/akka-protobuf-v3_2.13-2.6.20.jar:/Users/shishir/.m2/repository/org/reactivestreams/reactive-streams/1.0.4/reactive-streams-1.0.4.jar:/Users/shishir/.m2/repository/com/typesafe/ssl-config-core_2.13/0.4.3/ssl-config-core_2.13-0.4.3.jar:/Users/shishir/.m2/repository/org/scala-lang/modules/scala-parser-combinators_2.13/1.1.2/scala-parser-combinators_2.13-1.1.2.jar:/Users/shishir/.m2/repository/com/typesafe/akka/akka-slf4j_2.13/2.6.20/akka-slf4j_2.13-2.6.20.jar:/Users/shishir/.m2/repository/com/typesafe/akka/akka-discovery_2.13/2.6.20/akka-discovery_2.13-2.6.20.jar:/Users/shishir/.m2/repository/com/typesafe/akka/akka-http_2.13/10.2.10/akka-http_2.13-10.2.10.jar:/Users/shishir/.m2/repository/com/typesafe/akka/akka-http-core_2.13/10.2.10/akka-http-core_2.13-10.2.10.jar:/Users/shishir/.m2/repository/com/typesafe/akka/akka-http-spray-json_2.13/10.2.10/akka-http-spray-json_2.13-10.2.10.jar:/Users/shishir/.m2/repository/io/spray/spray-json_2.13/1.3.6/spray-json_2.13-1.3.6.jar:/Users/shishir/.m2/repository/com/typesafe/akka/akka-http2-support_2.13/10.2.10/akka-http2-support_2.13-10.2.10.jar:/Users/shishir/.m2/repository/com/typesafe/akka/akka-parsing_2.13/10.2.10/akka-parsing_2.13-10.2.10.jar:/Users/shishir/.m2/repository/com/google/protobuf/protobuf-java-util/3.20.3/protobuf-java-util-3.20.3.jar:/Users/shishir/.m2/repository/com/google/guava/guava/30.1.1-android/guava-30.1.1-android.jar:/Users/shishir/.m2/repository/com/google/guava/failureaccess/1.0.1/failureaccess-1.0.1.jar:/Users/shishir/.m2/repository/com/google/guava/listenablefuture/9999.0-empty-to-avoid-conflict-with-guava/listenablefuture-9999.0-empty-to-avoid-conflict-with-guava.jar:/Users/shishir/.m2/repository/org/checkerframework/checker-compat-qual/2.5.5/checker-compat-qual-2.5.5.jar:/Users/shishir/.m2/repository/com/google/errorprone/error_prone_annotations/2.5.1/error_prone_annotations-2.5.1.jar:/Users/shishir/.m2/repository/com/google/j2objc/j2objc-annotations/1.3/j2objc-annotations-1.3.jar:/Users/shishir/.m2/repository/com/google/code/findbugs/jsr305/3.0.2/jsr305-3.0.2.jar:/Users/shishir/.m2/repository/com/google/code/gson/gson/2.10.1/gson-2.10.1.jar:/Users/shishir/.m2/repository/io/kalix/kalix-sdk-protocol/1.1.18/kalix-sdk-protocol-1.1.18.jar:/Users/shishir/.m2/repository/org/slf4j/slf4j-api/2.0.7/slf4j-api-2.0.7.jar:/Users/shishir/.m2/repository/ch/qos/logback/logback-classic/1.4.7/logback-classic-1.4.7.jar:/Users/shishir/.m2/repository/ch/qos/logback/logback-core/1.4.7/logback-core-1.4.7.jar:/Users/shishir/.m2/repository/ch/qos/logback/contrib/logback-json-classic/0.1.5/logback-json-classic-0.1.5.jar:/Users/shishir/.m2/repository/ch/qos/logback/contrib/logback-json-core/0.1.5/logback-json-core-0.1.5.jar:/Users/shishir/.m2/repository/ch/qos/logback/contrib/logback-jackson/0.1.5/logback-jackson-0.1.5.jar:/Users/shishir/.m2/repository/com/fasterxml/jackson/core/jackson-core/2.15.0/jackson-core-2.15.0.jar:/Users/shishir/.m2/repository/com/fasterxml/jackson/core/jackson-annotations/2.15.0/jackson-annotations-2.15.0.jar:/Users/shishir/.m2/repository/com/fasterxml/jackson/core/jackson-databind/2.15.0/jackson-databind-2.15.0.jar:/Users/shishir/.m2/repository/com/fasterxml/jackson/datatype/jackson-datatype-jdk8/2.15.0/jackson-datatype-jdk8-2.15.0.jar:/Users/shishir/.m2/repository/com/fasterxml/jackson/datatype/jackson-datatype-jsr310/2.15.0/jackson-datatype-jsr310-2.15.0.jar:/Users/shishir/.m2/repository/com/fasterxml/jackson/module/jackson-module-parameter-names/2.15.0/jackson-module-parameter-names-2.15.0.jar:/Users/shishir/.m2/repository/com/fasterxml/jackson/dataformat/jackson-dataformat-protobuf/2.15.0/jackson-dataformat-protobuf-2.15.0.jar:/Users/shishir/.m2/repository/com/squareup/protoparser/4.0.3/protoparser-4.0.3.jar:/Users/shishir/.m2/repository/org/springframework/spring-web/6.0.9/spring-web-6.0.9.jar:/Users/shishir/.m2/repository/org/springframework/spring-beans/6.0.9/spring-beans-6.0.9.jar:/Users/shishir/.m2/repository/org/springframework/spring-core/6.0.9/spring-core-6.0.9.jar:/Users/shishir/.m2/repository/org/springframework/spring-jcl/6.0.9/spring-jcl-6.0.9.jar:/Users/shishir/.m2/repository/io/micrometer/micrometer-observation/1.11.0/micrometer-observation-1.11.0.jar:/Users/shishir/.m2/repository/io/micrometer/micrometer-commons/1.11.0/micrometer-commons-1.11.0.jar:/Users/shishir/.m2/repository/org/springframework/spring-webflux/6.0.9/spring-webflux-6.0.9.jar:/Users/shishir/.m2/repository/io/projectreactor/reactor-core/3.5.6/reactor-core-3.5.6.jar:/Users/shishir/.m2/repository/org/springframework/spring-webmvc/6.0.9/spring-webmvc-6.0.9.jar:/Users/shishir/.m2/repository/org/springframework/spring-aop/6.0.9/spring-aop-6.0.9.jar:/Users/shishir/.m2/repository/org/springframework/spring-context/6.0.9/spring-context-6.0.9.jar:/Users/shishir/.m2/repository/org/springframework/spring-expression/6.0.9/spring-expression-6.0.9.jar:/Users/shishir/.m2/repository/org/springframework/boot/spring-boot/3.1.0/spring-boot-3.1.0.jar:/Users/shishir/.m2/repository/org/springframework/boot/spring-boot-starter/3.1.0/spring-boot-starter-3.1.0.jar:/Users/shishir/.m2/repository/org/springframework/boot/spring-boot-autoconfigure/3.1.0/spring-boot-autoconfigure-3.1.0.jar:/Users/shishir/.m2/repository/org/springframework/boot/spring-boot-starter-logging/3.1.0/spring-boot-starter-logging-3.1.0.jar:/Users/shishir/.m2/repository/org/apache/logging/log4j/log4j-to-slf4j/2.20.0/log4j-to-slf4j-2.20.0.jar:/Users/shishir/.m2/repository/org/apache/logging/log4j/log4j-api/2.20.0/log4j-api-2.20.0.jar:/Users/shishir/.m2/repository/org/slf4j/jul-to-slf4j/2.0.7/jul-to-slf4j-2.0.7.jar:/Users/shishir/.m2/repository/jakarta/annotation/jakarta.annotation-api/2.1.1/jakarta.annotation-api-2.1.1.jar:/Users/shishir/.m2/repository/org/yaml/snakeyaml/1.33/snakeyaml-1.33.jar:/Users/shishir/.m2/repository/org/springframework/boot/spring-boot-starter-json/3.1.0/spring-boot-starter-json-3.1.0.jar:/Users/shishir/.m2/repository/org/springframework/boot/spring-boot-starter-reactor-netty/3.1.0/spring-boot-starter-reactor-netty-3.1.0.jar:/Users/shishir/.m2/repository/io/projectreactor/netty/reactor-netty-http/1.1.7/reactor-netty-http-1.1.7.jar:/Users/shishir/.m2/repository/io/netty/netty-codec-http/4.1.92.Final/netty-codec-http-4.1.92.Final.jar:/Users/shishir/.m2/repository/io/netty/netty-common/4.1.92.Final/netty-common-4.1.92.Final.jar:/Users/shishir/.m2/repository/io/netty/netty-buffer/4.1.92.Final/netty-buffer-4.1.92.Final.jar:/Users/shishir/.m2/repository/io/netty/netty-transport/4.1.92.Final/netty-transport-4.1.92.Final.jar:/Users/shishir/.m2/repository/io/netty/netty-codec/4.1.92.Final/netty-codec-4.1.92.Final.jar:/Users/shishir/.m2/repository/io/netty/netty-handler/4.1.92.Final/netty-handler-4.1.92.Final.jar:/Users/shishir/.m2/repository/io/netty/netty-codec-http2/4.1.92.Final/netty-codec-http2-4.1.92.Final.jar:/Users/shishir/.m2/repository/io/netty/netty-resolver-dns/4.1.92.Final/netty-resolver-dns-4.1.92.Final.jar:/Users/shishir/.m2/repository/io/netty/netty-resolver/4.1.92.Final/netty-resolver-4.1.92.Final.jar:/Users/shishir/.m2/repository/io/netty/netty-codec-dns/4.1.92.Final/netty-codec-dns-4.1.92.Final.jar:/Users/shishir/.m2/repository/io/netty/netty-resolver-dns-native-macos/4.1.92.Final/netty-resolver-dns-native-macos-4.1.92.Final-osx-x86_64.jar:/Users/shishir/.m2/repository/io/netty/netty-resolver-dns-classes-macos/4.1.92.Final/netty-resolver-dns-classes-macos-4.1.92.Final.jar:/Users/shishir/.m2/repository/io/netty/netty-transport-native-epoll/4.1.92.Final/netty-transport-native-epoll-4.1.92.Final-linux-x86_64.jar:/Users/shishir/.m2/repository/io/netty/netty-transport-native-unix-common/4.1.92.Final/netty-transport-native-unix-common-4.1.92.Final.jar:/Users/shishir/.m2/repository/io/netty/netty-transport-classes-epoll/4.1.92.Final/netty-transport-classes-epoll-4.1.92.Final.jar:/Users/shishir/.m2/repository/io/projectreactor/netty/reactor-netty-core/1.1.7/reactor-netty-core-1.1.7.jar:/Users/shishir/.m2/repository/io/netty/netty-handler-proxy/4.1.92.Final/netty-handler-proxy-4.1.92.Final.jar:/Users/shishir/.m2/repository/io/netty/netty-codec-socks/4.1.92.Final/netty-codec-socks-4.1.92.Final.jar:/Users/shishir/.m2/repository/jakarta/websocket/jakarta.websocket-api/2.1.0/jakarta.websocket-api-2.1.0.jar:/Users/shishir/.m2/repository/io/kalix/kalix-spring-boot-starter-test/1.3.3/kalix-spring-boot-starter-test-1.3.3.jar:/Users/shishir/.m2/repository/io/kalix/kalix-java-sdk-spring-testkit/1.3.3/kalix-java-sdk-spring-testkit-1.3.3.jar:/Users/shishir/.m2/repository/io/kalix/kalix-java-sdk-protobuf-testkit/1.3.3/kalix-java-sdk-protobuf-testkit-1.3.3.jar:/Users/shishir/.m2/repository/org/testcontainers/testcontainers/1.18.0/testcontainers-1.18.0.jar:/Users/shishir/.m2/repository/junit/junit/4.13.2/junit-4.13.2.jar:/Users/shishir/.m2/repository/org/hamcrest/hamcrest-core/2.2/hamcrest-core-2.2.jar:/Users/shishir/.m2/repository/org/rnorth/duct-tape/duct-tape/1.0.8/duct-tape-1.0.8.jar:/Users/shishir/.m2/repository/org/jetbrains/annotations/17.0.0/annotations-17.0.0.jar:/Users/shishir/.m2/repository/com/github/docker-java/docker-java-api/3.3.0/docker-java-api-3.3.0.jar:/Users/shishir/.m2/repository/com/github/docker-java/docker-java-transport-zerodep/3.3.0/docker-java-transport-zerodep-3.3.0.jar:/Users/shishir/.m2/repository/com/github/docker-java/docker-java-transport/3.3.0/docker-java-transport-3.3.0.jar:/Users/shishir/.m2/repository/net/java/dev/jna/jna/5.12.1/jna-5.12.1.jar:/Users/shishir/.m2/repository/org/apache/commons/commons-compress/1.21/commons-compress-1.21.jar:/Users/shishir/.m2/repository/com/thesamet/scalapb/compilerplugin_2.13/0.11.11/compilerplugin_2.13-0.11.11.jar:/Users/shishir/.m2/repository/com/thesamet/scalapb/protoc-gen_2.13/0.9.5/protoc-gen_2.13-0.9.5.jar:/Users/shishir/.m2/repository/com/thesamet/scalapb/protoc-bridge_2.13/0.9.5/protoc-bridge_2.13-0.9.5.jar:/Users/shishir/.m2/repository/dev/dirs/directories/26/directories-26.jar:/Users/shishir/.m2/repository/com/typesafe/akka/akka-testkit_2.13/2.6.20/akka-testkit_2.13-2.6.20.jar:/Users/shishir/.m2/repository/org/springframework/boot/spring-boot-starter-test/3.1.0/spring-boot-starter-test-3.1.0.jar:/Users/shishir/.m2/repository/org/springframework/boot/spring-boot-test/3.1.0/spring-boot-test-3.1.0.jar:/Users/shishir/.m2/repository/org/springframework/boot/spring-boot-test-autoconfigure/3.1.0/spring-boot-test-autoconfigure-3.1.0.jar:/Users/shishir/.m2/repository/com/jayway/jsonpath/json-path/2.8.0/json-path-2.8.0.jar:/Users/shishir/.m2/repository/jakarta/xml/bind/jakarta.xml.bind-api/4.0.0/jakarta.xml.bind-api-4.0.0.jar:/Users/shishir/.m2/repository/jakarta/activation/jakarta.activation-api/2.1.2/jakarta.activation-api-2.1.2.jar:/Users/shishir/.m2/repository/net/minidev/json-smart/2.4.10/json-smart-2.4.10.jar:/Users/shishir/.m2/repository/net/minidev/accessors-smart/2.4.9/accessors-smart-2.4.9.jar:/Users/shishir/.m2/repository/org/ow2/asm/asm/9.3/asm-9.3.jar:/Users/shishir/.m2/repository/org/assertj/assertj-core/3.24.2/assertj-core-3.24.2.jar:/Users/shishir/.m2/repository/net/bytebuddy/byte-buddy/1.14.4/byte-buddy-1.14.4.jar:/Users/shishir/.m2/repository/org/hamcrest/hamcrest/2.2/hamcrest-2.2.jar:/Users/shishir/.m2/repository/org/mockito/mockito-core/5.3.1/mockito-core-5.3.1.jar:/Users/shishir/.m2/repository/net/bytebuddy/byte-buddy-agent/1.14.4/byte-buddy-agent-1.14.4.jar:/Users/shishir/.m2/repository/org/objenesis/objenesis/3.3/objenesis-3.3.jar:/Users/shishir/.m2/repository/org/mockito/mockito-junit-jupiter/5.3.1/mockito-junit-jupiter-5.3.1.jar:/Users/shishir/.m2/repository/org/skyscreamer/jsonassert/1.5.1/jsonassert-1.5.1.jar:/Users/shishir/.m2/repository/com/vaadin/external/google/android-json/0.0.20131108.vaadin1/android-json-0.0.20131108.vaadin1.jar:/Users/shishir/.m2/repository/org/springframework/spring-test/6.0.9/spring-test-6.0.9.jar:/Users/shishir/.m2/repository/org/xmlunit/xmlunit-core/2.9.1/xmlunit-core-2.9.1.jar:/Users/shishir/.m2/repository/org/junit/jupiter/junit-jupiter-api/5.9.3/junit-jupiter-api-5.9.3.jar:/Users/shishir/.m2/repository/org/opentest4j/opentest4j/1.2.0/opentest4j-1.2.0.jar:/Users/shishir/.m2/repository/org/junit/platform/junit-platform-commons/1.9.3/junit-platform-commons-1.9.3.jar:/Users/shishir/.m2/repository/org/apiguardian/apiguardian-api/1.1.2/apiguardian-api-1.1.2.jar:/Users/shishir/.m2/repository/org/junit/jupiter/junit-jupiter/5.9.3/junit-jupiter-5.9.3.jar:/Users/shishir/.m2/repository/org/junit/jupiter/junit-jupiter-params/5.9.3/junit-jupiter-params-5.9.3.jar:/Users/shishir/.m2/repository/org/junit/jupiter/junit-jupiter-engine/5.9.3/junit-jupiter-engine-5.9.3.jar:/Users/shishir/.m2/repository/org/junit/platform/junit-platform-engine/1.9.3/junit-platform-engine-1.9.3.jar:"/>
    <property name="java.vm.vendor" value="Homebrew"/>
    <property name="sun.arch.data.model" value="64"/>
    <property name="java.vendor.url" value="https://github.com/Homebrew/homebrew-core/issues"/>
    <property name="os.name" value="Mac OS X"/>
    <property name="java.vm.specification.version" value="17"/>
    <property name="sun.java.launcher" value="SUN_STANDARD"/>
    <property name="user.country" value="AU"/>
    <property name="sun.boot.library.path" value="/opt/homebrew/Cellar/openjdk@17/17.0.8.1/libexec/openjdk.jdk/Contents/Home/lib"/>
    <property name="sun.java.command" value="/Users/shishir/Documents/lightbend/kalix/spring-loan/target/surefire/surefirebooter10739468254501490627.jar /Users/shishir/Documents/lightbend/kalix/spring-loan/target/surefire 2023-09-18T19-31-39_734-jvmRun1 surefire4867161627174150909tmp surefire_011885813837946776877tmp"/>
    <property name="http.nonProxyHosts" value="local|*.local|169.254/16|*.169.254/16"/>
    <property name="jdk.debug" value="release"/>
    <property name="surefire.test.class.path" value="/Users/shishir/Documents/lightbend/kalix/spring-loan/target/test-classes:/Users/shishir/Documents/lightbend/kalix/spring-loan/target/classes:/Users/shishir/.m2/repository/org/projectlombok/lombok/1.18.24/lombok-1.18.24.jar:/Users/shishir/.m2/repository/io/kalix/kalix-spring-boot-starter/1.3.3/kalix-spring-boot-starter-1.3.3.jar:/Users/shishir/.m2/repository/org/scala-lang/scala-library/2.13.10/scala-library-2.13.10.jar:/Users/shishir/.m2/repository/io/kalix/kalix-java-sdk-spring/1.3.3/kalix-java-sdk-spring-1.3.3.jar:/Users/shishir/.m2/repository/io/kalix/kalix-java-sdk-protobuf/1.3.3/kalix-java-sdk-protobuf-1.3.3.jar:/Users/shishir/.m2/repository/io/kalix/kalix-jvm-core-sdk/1.3.3/kalix-jvm-core-sdk-1.3.3.jar:/Users/shishir/.m2/repository/io/kalix/kalix-devtools_2.13/1.3.3/kalix-devtools_2.13-1.3.3.jar:/Users/shishir/.m2/repository/io/grpc/grpc-stub/1.48.1/grpc-stub-1.48.1.jar:/Users/shishir/.m2/repository/io/grpc/grpc-api/1.48.1/grpc-api-1.48.1.jar:/Users/shishir/.m2/repository/io/grpc/grpc-context/1.48.1/grpc-context-1.48.1.jar:/Users/shishir/.m2/repository/com/google/protobuf/protobuf-java/3.19.2/protobuf-java-3.19.2.jar:/Users/shishir/.m2/repository/com/thesamet/scalapb/scalapb-runtime_2.13/0.11.11/scalapb-runtime_2.13-0.11.11.jar:/Users/shishir/.m2/repository/com/thesamet/scalapb/lenses_2.13/0.11.11/lenses_2.13-0.11.11.jar:/Users/shishir/.m2/repository/org/scala-lang/modules/scala-collection-compat_2.13/2.7.0/scala-collection-compat_2.13-2.7.0.jar:/Users/shishir/.m2/repository/com/lightbend/akka/grpc/akka-grpc-runtime_2.13/2.1.6/akka-grpc-runtime_2.13-2.1.6.jar:/Users/shishir/.m2/repository/io/grpc/grpc-protobuf/1.48.1/grpc-protobuf-1.48.1.jar:/Users/shishir/.m2/repository/com/google/api/grpc/proto-google-common-protos/2.9.0/proto-google-common-protos-2.9.0.jar:/Users/shishir/.m2/repository/io/grpc/grpc-protobuf-lite/1.48.1/grpc-protobuf-lite-1.48.1.jar:/Users/shishir/.m2/repository/io/grpc/grpc-core/1.48.1/grpc-core-1.48.1.jar:/Users/shishir/.m2/repository/com/google/android/annotations/4.1.1.4/annotations-4.1.1.4.jar:/Users/shishir/.m2/repository/org/codehaus/mojo/animal-sniffer-annotations/1.21/animal-sniffer-annotations-1.21.jar:/Users/shishir/.m2/repository/io/perfmark/perfmark-api/0.25.0/perfmark-api-0.25.0.jar:/Users/shishir/.m2/repository/io/grpc/grpc-netty-shaded/1.48.1/grpc-netty-shaded-1.48.1.jar:/Users/shishir/.m2/repository/com/typesafe/akka/akka-stream_2.13/2.6.20/akka-stream_2.13-2.6.20.jar:/Users/shishir/.m2/repository/com/typesafe/akka/akka-actor_2.13/2.6.20/akka-actor_2.13-2.6.20.jar:/Users/shishir/.m2/repository/com/typesafe/config/1.4.2/config-1.4.2.jar:/Users/shishir/.m2/repository/org/scala-lang/modules/scala-java8-compat_2.13/1.0.0/scala-java8-compat_2.13-1.0.0.jar:/Users/shishir/.m2/repository/com/typesafe/akka/akka-protobuf-v3_2.13/2.6.20/akka-protobuf-v3_2.13-2.6.20.jar:/Users/shishir/.m2/repository/org/reactivestreams/reactive-streams/1.0.4/reactive-streams-1.0.4.jar:/Users/shishir/.m2/repository/com/typesafe/ssl-config-core_2.13/0.4.3/ssl-config-core_2.13-0.4.3.jar:/Users/shishir/.m2/repository/org/scala-lang/modules/scala-parser-combinators_2.13/1.1.2/scala-parser-combinators_2.13-1.1.2.jar:/Users/shishir/.m2/repository/com/typesafe/akka/akka-slf4j_2.13/2.6.20/akka-slf4j_2.13-2.6.20.jar:/Users/shishir/.m2/repository/com/typesafe/akka/akka-discovery_2.13/2.6.20/akka-discovery_2.13-2.6.20.jar:/Users/shishir/.m2/repository/com/typesafe/akka/akka-http_2.13/10.2.10/akka-http_2.13-10.2.10.jar:/Users/shishir/.m2/repository/com/typesafe/akka/akka-http-core_2.13/10.2.10/akka-http-core_2.13-10.2.10.jar:/Users/shishir/.m2/repository/com/typesafe/akka/akka-http-spray-json_2.13/10.2.10/akka-http-spray-json_2.13-10.2.10.jar:/Users/shishir/.m2/repository/io/spray/spray-json_2.13/1.3.6/spray-json_2.13-1.3.6.jar:/Users/shishir/.m2/repository/com/typesafe/akka/akka-http2-support_2.13/10.2.10/akka-http2-support_2.13-10.2.10.jar:/Users/shishir/.m2/repository/com/typesafe/akka/akka-parsing_2.13/10.2.10/akka-parsing_2.13-10.2.10.jar:/Users/shishir/.m2/repository/com/google/protobuf/protobuf-java-util/3.20.3/protobuf-java-util-3.20.3.jar:/Users/shishir/.m2/repository/com/google/guava/guava/30.1.1-android/guava-30.1.1-android.jar:/Users/shishir/.m2/repository/com/google/guava/failureaccess/1.0.1/failureaccess-1.0.1.jar:/Users/shishir/.m2/repository/com/google/guava/listenablefuture/9999.0-empty-to-avoid-conflict-with-guava/listenablefuture-9999.0-empty-to-avoid-conflict-with-guava.jar:/Users/shishir/.m2/repository/org/checkerframework/checker-compat-qual/2.5.5/checker-compat-qual-2.5.5.jar:/Users/shishir/.m2/repository/com/google/errorprone/error_prone_annotations/2.5.1/error_prone_annotations-2.5.1.jar:/Users/shishir/.m2/repository/com/google/j2objc/j2objc-annotations/1.3/j2objc-annotations-1.3.jar:/Users/shishir/.m2/repository/com/google/code/findbugs/jsr305/3.0.2/jsr305-3.0.2.jar:/Users/shishir/.m2/repository/com/google/code/gson/gson/2.10.1/gson-2.10.1.jar:/Users/shishir/.m2/repository/io/kalix/kalix-sdk-protocol/1.1.18/kalix-sdk-protocol-1.1.18.jar:/Users/shishir/.m2/repository/org/slf4j/slf4j-api/2.0.7/slf4j-api-2.0.7.jar:/Users/shishir/.m2/repository/ch/qos/logback/logback-classic/1.4.7/logback-classic-1.4.7.jar:/Users/shishir/.m2/repository/ch/qos/logback/logback-core/1.4.7/logback-core-1.4.7.jar:/Users/shishir/.m2/repository/ch/qos/logback/contrib/logback-json-classic/0.1.5/logback-json-classic-0.1.5.jar:/Users/shishir/.m2/repository/ch/qos/logback/contrib/logback-json-core/0.1.5/logback-json-core-0.1.5.jar:/Users/shishir/.m2/repository/ch/qos/logback/contrib/logback-jackson/0.1.5/logback-jackson-0.1.5.jar:/Users/shishir/.m2/repository/com/fasterxml/jackson/core/jackson-core/2.15.0/jackson-core-2.15.0.jar:/Users/shishir/.m2/repository/com/fasterxml/jackson/core/jackson-annotations/2.15.0/jackson-annotations-2.15.0.jar:/Users/shishir/.m2/repository/com/fasterxml/jackson/core/jackson-databind/2.15.0/jackson-databind-2.15.0.jar:/Users/shishir/.m2/repository/com/fasterxml/jackson/datatype/jackson-datatype-jdk8/2.15.0/jackson-datatype-jdk8-2.15.0.jar:/Users/shishir/.m2/repository/com/fasterxml/jackson/datatype/jackson-datatype-jsr310/2.15.0/jackson-datatype-jsr310-2.15.0.jar:/Users/shishir/.m2/repository/com/fasterxml/jackson/module/jackson-module-parameter-names/2.15.0/jackson-module-parameter-names-2.15.0.jar:/Users/shishir/.m2/repository/com/fasterxml/jackson/dataformat/jackson-dataformat-protobuf/2.15.0/jackson-dataformat-protobuf-2.15.0.jar:/Users/shishir/.m2/repository/com/squareup/protoparser/4.0.3/protoparser-4.0.3.jar:/Users/shishir/.m2/repository/org/springframework/spring-web/6.0.9/spring-web-6.0.9.jar:/Users/shishir/.m2/repository/org/springframework/spring-beans/6.0.9/spring-beans-6.0.9.jar:/Users/shishir/.m2/repository/org/springframework/spring-core/6.0.9/spring-core-6.0.9.jar:/Users/shishir/.m2/repository/org/springframework/spring-jcl/6.0.9/spring-jcl-6.0.9.jar:/Users/shishir/.m2/repository/io/micrometer/micrometer-observation/1.11.0/micrometer-observation-1.11.0.jar:/Users/shishir/.m2/repository/io/micrometer/micrometer-commons/1.11.0/micrometer-commons-1.11.0.jar:/Users/shishir/.m2/repository/org/springframework/spring-webflux/6.0.9/spring-webflux-6.0.9.jar:/Users/shishir/.m2/repository/io/projectreactor/reactor-core/3.5.6/reactor-core-3.5.6.jar:/Users/shishir/.m2/repository/org/springframework/spring-webmvc/6.0.9/spring-webmvc-6.0.9.jar:/Users/shishir/.m2/repository/org/springframework/spring-aop/6.0.9/spring-aop-6.0.9.jar:/Users/shishir/.m2/repository/org/springframework/spring-context/6.0.9/spring-context-6.0.9.jar:/Users/shishir/.m2/repository/org/springframework/spring-expression/6.0.9/spring-expression-6.0.9.jar:/Users/shishir/.m2/repository/org/springframework/boot/spring-boot/3.1.0/spring-boot-3.1.0.jar:/Users/shishir/.m2/repository/org/springframework/boot/spring-boot-starter/3.1.0/spring-boot-starter-3.1.0.jar:/Users/shishir/.m2/repository/org/springframework/boot/spring-boot-autoconfigure/3.1.0/spring-boot-autoconfigure-3.1.0.jar:/Users/shishir/.m2/repository/org/springframework/boot/spring-boot-starter-logging/3.1.0/spring-boot-starter-logging-3.1.0.jar:/Users/shishir/.m2/repository/org/apache/logging/log4j/log4j-to-slf4j/2.20.0/log4j-to-slf4j-2.20.0.jar:/Users/shishir/.m2/repository/org/apache/logging/log4j/log4j-api/2.20.0/log4j-api-2.20.0.jar:/Users/shishir/.m2/repository/org/slf4j/jul-to-slf4j/2.0.7/jul-to-slf4j-2.0.7.jar:/Users/shishir/.m2/repository/jakarta/annotation/jakarta.annotation-api/2.1.1/jakarta.annotation-api-2.1.1.jar:/Users/shishir/.m2/repository/org/yaml/snakeyaml/1.33/snakeyaml-1.33.jar:/Users/shishir/.m2/repository/org/springframework/boot/spring-boot-starter-json/3.1.0/spring-boot-starter-json-3.1.0.jar:/Users/shishir/.m2/repository/org/springframework/boot/spring-boot-starter-reactor-netty/3.1.0/spring-boot-starter-reactor-netty-3.1.0.jar:/Users/shishir/.m2/repository/io/projectreactor/netty/reactor-netty-http/1.1.7/reactor-netty-http-1.1.7.jar:/Users/shishir/.m2/repository/io/netty/netty-codec-http/4.1.92.Final/netty-codec-http-4.1.92.Final.jar:/Users/shishir/.m2/repository/io/netty/netty-common/4.1.92.Final/netty-common-4.1.92.Final.jar:/Users/shishir/.m2/repository/io/netty/netty-buffer/4.1.92.Final/netty-buffer-4.1.92.Final.jar:/Users/shishir/.m2/repository/io/netty/netty-transport/4.1.92.Final/netty-transport-4.1.92.Final.jar:/Users/shishir/.m2/repository/io/netty/netty-codec/4.1.92.Final/netty-codec-4.1.92.Final.jar:/Users/shishir/.m2/repository/io/netty/netty-handler/4.1.92.Final/netty-handler-4.1.92.Final.jar:/Users/shishir/.m2/repository/io/netty/netty-codec-http2/4.1.92.Final/netty-codec-http2-4.1.92.Final.jar:/Users/shishir/.m2/repository/io/netty/netty-resolver-dns/4.1.92.Final/netty-resolver-dns-4.1.92.Final.jar:/Users/shishir/.m2/repository/io/netty/netty-resolver/4.1.92.Final/netty-resolver-4.1.92.Final.jar:/Users/shishir/.m2/repository/io/netty/netty-codec-dns/4.1.92.Final/netty-codec-dns-4.1.92.Final.jar:/Users/shishir/.m2/repository/io/netty/netty-resolver-dns-native-macos/4.1.92.Final/netty-resolver-dns-native-macos-4.1.92.Final-osx-x86_64.jar:/Users/shishir/.m2/repository/io/netty/netty-resolver-dns-classes-macos/4.1.92.Final/netty-resolver-dns-classes-macos-4.1.92.Final.jar:/Users/shishir/.m2/repository/io/netty/netty-transport-native-epoll/4.1.92.Final/netty-transport-native-epoll-4.1.92.Final-linux-x86_64.jar:/Users/shishir/.m2/repository/io/netty/netty-transport-native-unix-common/4.1.92.Final/netty-transport-native-unix-common-4.1.92.Final.jar:/Users/shishir/.m2/repository/io/netty/netty-transport-classes-epoll/4.1.92.Final/netty-transport-classes-epoll-4.1.92.Final.jar:/Users/shishir/.m2/repository/io/projectreactor/netty/reactor-netty-core/1.1.7/reactor-netty-core-1.1.7.jar:/Users/shishir/.m2/repository/io/netty/netty-handler-proxy/4.1.92.Final/netty-handler-proxy-4.1.92.Final.jar:/Users/shishir/.m2/repository/io/netty/netty-codec-socks/4.1.92.Final/netty-codec-socks-4.1.92.Final.jar:/Users/shishir/.m2/repository/jakarta/websocket/jakarta.websocket-api/2.1.0/jakarta.websocket-api-2.1.0.jar:/Users/shishir/.m2/repository/io/kalix/kalix-spring-boot-starter-test/1.3.3/kalix-spring-boot-starter-test-1.3.3.jar:/Users/shishir/.m2/repository/io/kalix/kalix-java-sdk-spring-testkit/1.3.3/kalix-java-sdk-spring-testkit-1.3.3.jar:/Users/shishir/.m2/repository/io/kalix/kalix-java-sdk-protobuf-testkit/1.3.3/kalix-java-sdk-protobuf-testkit-1.3.3.jar:/Users/shishir/.m2/repository/org/testcontainers/testcontainers/1.18.0/testcontainers-1.18.0.jar:/Users/shishir/.m2/repository/junit/junit/4.13.2/junit-4.13.2.jar:/Users/shishir/.m2/repository/org/hamcrest/hamcrest-core/2.2/hamcrest-core-2.2.jar:/Users/shishir/.m2/repository/org/rnorth/duct-tape/duct-tape/1.0.8/duct-tape-1.0.8.jar:/Users/shishir/.m2/repository/org/jetbrains/annotations/17.0.0/annotations-17.0.0.jar:/Users/shishir/.m2/repository/com/github/docker-java/docker-java-api/3.3.0/docker-java-api-3.3.0.jar:/Users/shishir/.m2/repository/com/github/docker-java/docker-java-transport-zerodep/3.3.0/docker-java-transport-zerodep-3.3.0.jar:/Users/shishir/.m2/repository/com/github/docker-java/docker-java-transport/3.3.0/docker-java-transport-3.3.0.jar:/Users/shishir/.m2/repository/net/java/dev/jna/jna/5.12.1/jna-5.12.1.jar:/Users/shishir/.m2/repository/org/apache/commons/commons-compress/1.21/commons-compress-1.21.jar:/Users/shishir/.m2/repository/com/thesamet/scalapb/compilerplugin_2.13/0.11.11/compilerplugin_2.13-0.11.11.jar:/Users/shishir/.m2/repository/com/thesamet/scalapb/protoc-gen_2.13/0.9.5/protoc-gen_2.13-0.9.5.jar:/Users/shishir/.m2/repository/com/thesamet/scalapb/protoc-bridge_2.13/0.9.5/protoc-bridge_2.13-0.9.5.jar:/Users/shishir/.m2/repository/dev/dirs/directories/26/directories-26.jar:/Users/shishir/.m2/repository/com/typesafe/akka/akka-testkit_2.13/2.6.20/akka-testkit_2.13-2.6.20.jar:/Users/shishir/.m2/repository/org/springframework/boot/spring-boot-starter-test/3.1.0/spring-boot-starter-test-3.1.0.jar:/Users/shishir/.m2/repository/org/springframework/boot/spring-boot-test/3.1.0/spring-boot-test-3.1.0.jar:/Users/shishir/.m2/repository/org/springframework/boot/spring-boot-test-autoconfigure/3.1.0/spring-boot-test-autoconfigure-3.1.0.jar:/Users/shishir/.m2/repository/com/jayway/jsonpath/json-path/2.8.0/json-path-2.8.0.jar:/Users/shishir/.m2/repository/jakarta/xml/bind/jakarta.xml.bind-api/4.0.0/jakarta.xml.bind-api-4.0.0.jar:/Users/shishir/.m2/repository/jakarta/activation/jakarta.activation-api/2.1.2/jakarta.activation-api-2.1.2.jar:/Users/shishir/.m2/repository/net/minidev/json-smart/2.4.10/json-smart-2.4.10.jar:/Users/shishir/.m2/repository/net/minidev/accessors-smart/2.4.9/accessors-smart-2.4.9.jar:/Users/shishir/.m2/repository/org/ow2/asm/asm/9.3/asm-9.3.jar:/Users/shishir/.m2/repository/org/assertj/assertj-core/3.24.2/assertj-core-3.24.2.jar:/Users/shishir/.m2/repository/net/bytebuddy/byte-buddy/1.14.4/byte-buddy-1.14.4.jar:/Users/shishir/.m2/repository/org/hamcrest/hamcrest/2.2/hamcrest-2.2.jar:/Users/shishir/.m2/repository/org/mockito/mockito-core/5.3.1/mockito-core-5.3.1.jar:/Users/shishir/.m2/repository/net/bytebuddy/byte-buddy-agent/1.14.4/byte-buddy-agent-1.14.4.jar:/Users/shishir/.m2/repository/org/objenesis/objenesis/3.3/objenesis-3.3.jar:/Users/shishir/.m2/repository/org/mockito/mockito-junit-jupiter/5.3.1/mockito-junit-jupiter-5.3.1.jar:/Users/shishir/.m2/repository/org/skyscreamer/jsonassert/1.5.1/jsonassert-1.5.1.jar:/Users/shishir/.m2/repository/com/vaadin/external/google/android-json/0.0.20131108.vaadin1/android-json-0.0.20131108.vaadin1.jar:/Users/shishir/.m2/repository/org/springframework/spring-test/6.0.9/spring-test-6.0.9.jar:/Users/shishir/.m2/repository/org/xmlunit/xmlunit-core/2.9.1/xmlunit-core-2.9.1.jar:/Users/shishir/.m2/repository/org/junit/jupiter/junit-jupiter-api/5.9.3/junit-jupiter-api-5.9.3.jar:/Users/shishir/.m2/repository/org/opentest4j/opentest4j/1.2.0/opentest4j-1.2.0.jar:/Users/shishir/.m2/repository/org/junit/platform/junit-platform-commons/1.9.3/junit-platform-commons-1.9.3.jar:/Users/shishir/.m2/repository/org/apiguardian/apiguardian-api/1.1.2/apiguardian-api-1.1.2.jar:/Users/shishir/.m2/repository/org/junit/jupiter/junit-jupiter/5.9.3/junit-jupiter-5.9.3.jar:/Users/shishir/.m2/repository/org/junit/jupiter/junit-jupiter-params/5.9.3/junit-jupiter-params-5.9.3.jar:/Users/shishir/.m2/repository/org/junit/jupiter/junit-jupiter-engine/5.9.3/junit-jupiter-engine-5.9.3.jar:/Users/shishir/.m2/repository/org/junit/platform/junit-platform-engine/1.9.3/junit-platform-engine-1.9.3.jar:"/>
    <property name="sun.cpu.endian" value="little"/>
    <property name="user.home" value="/Users/shishir"/>
    <property name="user.language" value="en"/>
    <property name="java.specification.vendor" value="Oracle Corporation"/>
    <property name="java.version.date" value="2023-08-24"/>
    <property name="java.home" value="/opt/homebrew/Cellar/openjdk@17/17.0.8.1/libexec/openjdk.jdk/Contents/Home"/>
    <property name="file.separator" value="/"/>
    <property name="basedir" value="/Users/shishir/Documents/lightbend/kalix/spring-loan"/>
    <property name="java.vm.compressedOopsMode" value="Zero based"/>
    <property name="line.separator" value="&#10;"/>
    <property name="java.specification.name" value="Java Platform API Specification"/>
    <property name="java.vm.specification.vendor" value="Oracle Corporation"/>
    <property name="surefire.real.class.path" value="/Users/shishir/Documents/lightbend/kalix/spring-loan/target/surefire/surefirebooter10739468254501490627.jar"/>
    <property name="sun.management.compiler" value="HotSpot 64-Bit Tiered Compilers"/>
    <property name="ftp.nonProxyHosts" value="local|*.local|169.254/16|*.169.254/16"/>
    <property name="java.runtime.version" value="17.0.8.1+0"/>
    <property name="user.name" value="shishir"/>
    <property name="path.separator" value=":"/>
    <property name="os.version" value="13.4.1"/>
    <property name="java.runtime.name" value="OpenJDK Runtime Environment"/>
    <property name="file.encoding" value="UTF-8"/>
    <property name="java.vm.name" value="OpenJDK 64-Bit Server VM"/>
    <property name="java.vendor.version" value="Homebrew"/>
    <property name="localRepository" value="/Users/shishir/.m2/repository"/>
    <property name="java.vendor.url.bug" value="https://github.com/Homebrew/homebrew-core/issues"/>
    <property name="java.io.tmpdir" value="/var/folders/_1/p2nj84n150n2p9mbzl1yts2c0000gn/T/"/>
    <property name="java.version" value="17.0.8.1"/>
    <property name="user.dir" value="/Users/shishir/Documents/lightbend/kalix/spring-loan"/>
    <property name="os.arch" value="aarch64"/>
    <property name="java.vm.specification.name" value="Java Virtual Machine Specification"/>
    <property name="native.encoding" value="UTF-8"/>
    <property name="java.library.path" value="/Users/shishir/Library/Java/Extensions:/Library/Java/Extensions:/Network/Library/Java/Extensions:/System/Library/Java/Extensions:/usr/lib/java:."/>
    <property name="java.vm.info" value="mixed mode, sharing"/>
    <property name="java.vendor" value="Homebrew"/>
    <property name="java.vm.version" value="17.0.8.1+0"/>
    <property name="sun.io.unicode.encoding" value="UnicodeBig"/>
    <property name="socksNonProxyHosts" value="local|*.local|169.254/16|*.169.254/16"/>
    <property name="java.class.version" value="61.0"/>
  </properties>
  <testcase name="happyPathTest" classname="io.kx.loanapp.IntegrationTest" time="0.761"/>
</testsuite>